<?xml version="1.0" encoding="UTF-8"?>
<testng-results ignored="0" total="1" passed="1" failed="0" skipped="0">
  <reporter-output>
  </reporter-output>
  <suite started-at="2020-04-19T18:48:06Z" name="Suite" finished-at="2020-04-19T18:48:17Z" duration-ms="10520">
    <groups>
    </groups>
    <test started-at="2020-04-19T18:48:06Z" name="Test" finished-at="2020-04-19T18:48:17Z" duration-ms="10520">
      <class name="com.automation.Tests.GetValue_Xoom">
        <test-method is-config="true" signature="beforeAllClasses()[pri:0, instance:com.automation.Tests.GetValue_Xoom@306279ee]" started-at="2020-04-19T13:48:06Z" name="beforeAllClasses" finished-at="2020-04-19T13:48:10Z" duration-ms="3466" status="PASS">
          <reporter-output>
          </reporter-output>
        </test-method> <!-- beforeAllClasses -->
        <test-method is-config="true" signature="setup()[pri:0, instance:com.automation.Tests.GetValue_Xoom@306279ee]" started-at="2020-04-19T13:48:10Z" name="setup" finished-at="2020-04-19T13:48:10Z" duration-ms="2" status="PASS">
          <reporter-output>
          </reporter-output>
        </test-method> <!-- setup -->
        <test-method signature="getValue()[pri:0, instance:com.automation.Tests.GetValue_Xoom@306279ee]" started-at="2020-04-19T13:48:10Z" name="getValue" finished-at="2020-04-19T13:48:17Z" duration-ms="6953" status="PASS">
          <reporter-output>
          </reporter-output>
        </test-method> <!-- getValue -->
        <test-method is-config="true" signature="tearDown()[pri:0, instance:com.automation.Tests.GetValue_Xoom@306279ee]" started-at="2020-04-19T13:48:17Z" name="tearDown" finished-at="2020-04-19T13:48:17Z" duration-ms="88" status="PASS">
          <reporter-output>
          </reporter-output>
        </test-method> <!-- tearDown -->
        <test-method is-config="true" signature="tearDown()[pri:0, instance:com.automation.Tests.GetValue_Xoom@306279ee]" started-at="2020-04-19T13:48:17Z" name="tearDown" finished-at="2020-04-19T13:48:17Z" duration-ms="1" status="PASS">
          <reporter-output>
          </reporter-output>
        </test-method> <!-- tearDown -->
      </class> <!-- com.automation.Tests.GetValue_Xoom -->
    </test> <!-- Test -->
  </suite> <!-- Suite -->
</testng-results>
