<?xml version="1.0" encoding="UTF-8"?>
<testng-results skipped="0" failed="0" total="1" passed="1">
  <reporter-output>
  </reporter-output>
  <suite name="Default suite" duration-ms="26098" started-at="2018-03-12T03:16:34Z" finished-at="2018-03-12T03:17:00Z">
    <groups>
    </groups>
    <test name="Default test" duration-ms="26098" started-at="2018-03-12T03:16:34Z" finished-at="2018-03-12T03:17:00Z">
      <class name="com.test.MoneyTransfer.AppTest">
        <test-method status="PASS" signature="browser()[pri:0, instance:com.test.MoneyTransfer.AppTest@5034c75a]" name="browser" is-config="true" duration-ms="4078" started-at="2018-03-11T22:16:34Z" finished-at="2018-03-11T22:16:38Z">
          <reporter-output>
          </reporter-output>
        </test-method> <!-- browser -->
        <test-method status="PASS" signature="Transfast()[pri:0, instance:com.test.MoneyTransfer.AppTest@5034c75a]" name="Transfast" duration-ms="21983" started-at="2018-03-11T22:16:38Z" finished-at="2018-03-11T22:17:00Z">
          <reporter-output>
          </reporter-output>
        </test-method> <!-- Transfast -->
      </class> <!-- com.test.MoneyTransfer.AppTest -->
    </test> <!-- Default test -->
  </suite> <!-- Default suite -->
</testng-results>
