<?xml version="1.0" encoding="UTF-8"?>
<!-- Generated by org.testng.reporters.JUnitXMLReporter -->
<testsuite hostname="ravis-MacBook-Air.local" name="Command line test" tests="3" failures="0" timestamp="29 Nov 2017 05:02:47 GMT" time="30.968" errors="0">
  <testcase name="Transfast" time="4.972" classname="com.test.MoneyTransfer.AppTest"/>
  <testcase name="Xoom" time="4.959" classname="com.test.MoneyTransfer.AppTest"/>
  <testcase name="main" time="12.884" classname="com.test.MoneyTransfer.AppTest"/>
</testsuite> <!-- Command line test -->
